The system is: Windows - 10.0.19044 - AMD64
Compiling the C compiler identification source file "CMakeCCompilerId.c" succeeded.
Compiler: D:/adeveloperTools/VS2019_comunity/VC/Tools/MSVC/14.29.30133/bin/Hostx64/x64/cl.exe 
Build flags: 
Id flags: -c 

The output was:
0
用于 x64 的 Microsoft (R) C/C++ 优化编译器 19.29.30146 版
版权所有(C) Microsoft Corporation。保留所有权利。

CMakeCCompilerId.c


Compilation of the C compiler identification source "CMakeCCompilerId.c" produced "CMakeCCompilerId.obj"

The C compiler identification is MSVC, found in "D:/00_UnderGraduate-Code/HomeWork/OS_Linux_code/out/build/x64-Debug/CMakeFiles/3.20.21032501-MSVC_2/CompilerIdC/CMakeCCompilerId.obj"

Compiling the C compiler identification source file "CMakeCCompilerId.c" succeeded.
Compiler: D:/adeveloperTools/VS2019_comunity/VC/Tools/MSVC/14.29.30133/bin/Hostx64/x64/cl.exe 
Build flags: /DWIN32;/D_WINDOWS
Id flags: -c 

The output was:
0
用于 x64 的 Microsoft (R) C/C++ 优化编译器 19.29.30146 版
版权所有(C) Microsoft Corporation。保留所有权利。

CMakeCCompilerId.c


Compilation of the C compiler identification source "CMakeCCompilerId.c" produced "CMakeCCompilerId.obj"

The C compiler identification is MSVC, found in "D:/00_UnderGraduate-Code/HomeWork/OS_Linux_code/out/build/x64-Debug/CMakeFiles/3.20.21032501-MSVC_2/CompilerIdC/CMakeCCompilerId.obj"

